<?xml version="1.0" encoding="UTF-8"?>
<testng-results skipped="0" failed="0" ignored="0" total="1" passed="1">
  <reporter-output>
  </reporter-output>
  <suite name="Default suite" duration-ms="5758" started-at="2021-08-03T10:55:32 IST" finished-at="2021-08-03T10:55:38 IST">
    <groups>
    </groups>
    <test name="Default test" duration-ms="5758" started-at="2021-08-03T10:55:32 IST" finished-at="2021-08-03T10:55:38 IST">
      <class name="com.TY.RMG.Projects.CreateProjectWithCreatedStatusTest">
        <test-method status="PASS" signature="bsConfig()[pri:0, instance:com.TY.RMG.Projects.CreateProjectWithCreatedStatusTest@12f41634]" name="bsConfig" is-config="true" duration-ms="565" started-at="2021-08-03T10:55:32 IST" finished-at="2021-08-03T10:55:32 IST">
          <reporter-output>
          </reporter-output>
        </test-method> <!-- bsConfig -->
        <test-method status="PASS" signature="createProjectWithCreatedStatusTest()[pri:0, instance:com.TY.RMG.Projects.CreateProjectWithCreatedStatusTest@12f41634]" name="createProjectWithCreatedStatusTest" duration-ms="5700" started-at="2021-08-03T10:55:32 IST" finished-at="2021-08-03T10:55:38 IST">
          <reporter-output>
          </reporter-output>
        </test-method> <!-- createProjectWithCreatedStatusTest -->
        <test-method status="FAIL" signature="asConfig()[pri:0, instance:com.TY.RMG.Projects.CreateProjectWithCreatedStatusTest@12f41634]" name="asConfig" is-config="true" duration-ms="0" started-at="2021-08-03T10:55:38 IST" finished-at="2021-08-03T10:55:38 IST">
          <exception class="java.lang.NullPointerException">
            <full-stacktrace>
              <![CDATA[java.lang.NullPointerException
at com.TY.RmgYantra.GenericUtils.DataBaseUtilities.closeConnection(DataBaseUtilities.java:64)
at com.TY.RmgYantra.GenericUtils.BaseApiClass.asConfig(BaseApiClass.java:27)
at sun.reflect.NativeMethodAccessorImpl.invoke0(Native Method)
at sun.reflect.NativeMethodAccessorImpl.invoke(Unknown Source)
at sun.reflect.DelegatingMethodAccessorImpl.invoke(Unknown Source)
at java.lang.reflect.Method.invoke(Unknown Source)
at org.testng.internal.MethodInvocationHelper.invokeMethod(MethodInvocationHelper.java:133)
at org.testng.internal.MethodInvocationHelper.invokeMethodConsideringTimeout(MethodInvocationHelper.java:62)
at org.testng.internal.ConfigInvoker.invokeConfigurationMethod(ConfigInvoker.java:385)
at org.testng.internal.ConfigInvoker.invokeConfigurations(ConfigInvoker.java:321)
at org.testng.SuiteRunner.privateRun(SuiteRunner.java:344)
at org.testng.SuiteRunner.run(SuiteRunner.java:276)
at org.testng.SuiteRunnerWorker.runSuite(SuiteRunnerWorker.java:53)
at org.testng.SuiteRunnerWorker.run(SuiteRunnerWorker.java:96)
at org.testng.TestNG.runSuitesSequentially(TestNG.java:1212)
at org.testng.TestNG.runSuitesLocally(TestNG.java:1134)
at org.testng.TestNG.runSuites(TestNG.java:1063)
at org.testng.TestNG.run(TestNG.java:1031)
at org.testng.remote.AbstractRemoteTestNG.run(AbstractRemoteTestNG.java:115)
at org.testng.remote.RemoteTestNG.initAndRun(RemoteTestNG.java:251)
at org.testng.remote.RemoteTestNG.main(RemoteTestNG.java:77)
]]>
            </full-stacktrace>
          </exception> <!-- java.lang.NullPointerException -->
          <reporter-output>
          </reporter-output>
        </test-method> <!-- asConfig -->
      </class> <!-- com.TY.RMG.Projects.CreateProjectWithCreatedStatusTest -->
    </test> <!-- Default test -->
  </suite> <!-- Default suite -->
</testng-results>
